# Logfile created on 2014-03-20 19:59:26 +0330 by logger.rb/44203
I, [2014-03-20T19:59:26.522367 #7040]  INFO -- : 0:  blankslate (2.1.2.4) from /home/lxsameer/.rbenv/versions/2.1.0/lib/ruby/gems/2.1.0/specifications/blankslate-2.1.2.4.gemspec
I, [2014-03-20T19:59:26.523161 #7040]  INFO -- : 0:  chunky_png (1.3.0) from /home/lxsameer/.rbenv/versions/2.1.0/lib/ruby/gems/2.1.0/specifications/chunky_png-1.3.0.gemspec
I, [2014-03-20T19:59:37.484710 #7040]  INFO -- : 0:  fast-stemmer (1.0.2) from /home/lxsameer/.rbenv/versions/2.1.0/lib/ruby/gems/2.1.0/specifications/fast-stemmer-1.0.2.gemspec
I, [2014-03-20T19:59:46.528667 #7040]  INFO -- : 0:  classifier (1.3.4) from /home/lxsameer/.rbenv/versions/2.1.0/lib/ruby/gems/2.1.0/specifications/classifier-1.3.4.gemspec
I, [2014-03-20T19:59:55.199152 #7040]  INFO -- : 0:  colorator (0.1) from /home/lxsameer/.rbenv/versions/2.1.0/lib/ruby/gems/2.1.0/specifications/colorator-0.1.gemspec
I, [2014-03-20T20:00:15.125388 #7040]  INFO -- : 0:  highline (1.6.21) from /home/lxsameer/.rbenv/versions/2.1.0/lib/ruby/gems/2.1.0/specifications/highline-1.6.21.gemspec
I, [2014-03-20T20:00:31.543514 #7040]  INFO -- : 0:  commander (4.1.6) from /home/lxsameer/.rbenv/versions/2.1.0/lib/ruby/gems/2.1.0/specifications/commander-4.1.6.gemspec
I, [2014-03-20T20:00:31.544280 #7040]  INFO -- : 0:  fssm (0.2.10) from /home/lxsameer/.rbenv/versions/2.1.0/lib/ruby/gems/2.1.0/specifications/fssm-0.2.10.gemspec
I, [2014-03-20T20:00:31.544735 #7040]  INFO -- : 0:  sass (3.2.14) from /home/lxsameer/.rbenv/versions/2.1.0/lib/ruby/gems/2.1.0/specifications/sass-3.2.14.gemspec
I, [2014-03-20T20:00:31.545196 #7040]  INFO -- : 0:  compass (0.12.3) from /home/lxsameer/.rbenv/versions/2.1.0/lib/ruby/gems/2.1.0/specifications/compass-0.12.3.gemspec
I, [2014-03-20T20:00:31.545712 #7040]  INFO -- : 0:  ffi (1.9.3) from /home/lxsameer/.rbenv/versions/2.1.0/lib/ruby/gems/2.1.0/specifications/ffi-1.9.3.gemspec
I, [2014-03-20T20:00:53.974471 #7040]  INFO -- : 0:  liquid (2.5.5) from /home/lxsameer/.rbenv/versions/2.1.0/lib/ruby/gems/2.1.0/specifications/liquid-2.5.5.gemspec
I, [2014-03-20T20:00:53.975263 #7040]  INFO -- : 0:  rb-fsevent (0.9.4) from /home/lxsameer/.rbenv/versions/2.1.0/lib/ruby/gems/2.1.0/specifications/rb-fsevent-0.9.4.gemspec
I, [2014-03-20T20:00:53.975858 #7040]  INFO -- : 0:  rb-inotify (0.9.3) from /home/lxsameer/.rbenv/versions/2.1.0/lib/ruby/gems/2.1.0/specifications/rb-inotify-0.9.3.gemspec
I, [2014-03-20T20:01:11.728871 #7040]  INFO -- : 0:  rb-kqueue (0.2.2) from /home/lxsameer/.rbenv/versions/2.1.0/lib/ruby/gems/2.1.0/specifications/rb-kqueue-0.2.2.gemspec
I, [2014-03-20T20:01:21.439913 #7040]  INFO -- : 0:  listen (1.3.1) from /home/lxsameer/.rbenv/versions/2.1.0/lib/ruby/gems/2.1.0/specifications/listen-1.3.1.gemspec
I, [2014-03-20T20:01:34.855698 #7040]  INFO -- : 0:  maruku (0.7.1) from /home/lxsameer/.rbenv/versions/2.1.0/lib/ruby/gems/2.1.0/specifications/maruku-0.7.1.gemspec
I, [2014-03-20T20:01:43.709435 #7040]  INFO -- : 0:  posix-spawn (0.3.8) from /home/lxsameer/.rbenv/versions/2.1.0/lib/ruby/gems/2.1.0/specifications/posix-spawn-0.3.8.gemspec
I, [2014-03-20T20:02:11.649422 #7040]  INFO -- : 0:  yajl-ruby (1.1.0) from /home/lxsameer/.rbenv/versions/2.1.0/lib/ruby/gems/2.1.0/specifications/yajl-ruby-1.1.0.gemspec
I, [2014-03-20T20:03:22.819308 #7040]  INFO -- : 0:  pygments.rb (0.5.4) from /home/lxsameer/.rbenv/versions/2.1.0/lib/ruby/gems/2.1.0/specifications/pygments.rb-0.5.4.gemspec
I, [2014-03-20T20:03:36.119325 #7040]  INFO -- : 0:  redcarpet (2.3.0) from /home/lxsameer/.rbenv/versions/2.1.0/lib/ruby/gems/2.1.0/specifications/redcarpet-2.3.0.gemspec
I, [2014-03-20T20:03:44.689320 #7040]  INFO -- : 0:  safe_yaml (0.9.7) from /home/lxsameer/.rbenv/versions/2.1.0/lib/ruby/gems/2.1.0/specifications/safe_yaml-0.9.7.gemspec
I, [2014-03-20T20:03:54.134273 #7040]  INFO -- : 0:  parslet (1.5.0) from /home/lxsameer/.rbenv/versions/2.1.0/lib/ruby/gems/2.1.0/specifications/parslet-1.5.0.gemspec
I, [2014-03-20T20:04:03.330342 #7040]  INFO -- : 0:  toml (0.1.1) from /home/lxsameer/.rbenv/versions/2.1.0/lib/ruby/gems/2.1.0/specifications/toml-0.1.1.gemspec
I, [2014-03-20T20:04:20.292164 #7040]  INFO -- : 0:  jekyll (1.4.3) from /home/lxsameer/.rbenv/versions/2.1.0/lib/ruby/gems/2.1.0/specifications/jekyll-1.4.3.gemspec
I, [2014-03-20T20:04:28.855912 #7040]  INFO -- : 0:  jekyll-categories (0.0.2) from /home/lxsameer/.rbenv/versions/2.1.0/lib/ruby/gems/2.1.0/specifications/jekyll-categories-0.0.2.gemspec
I, [2014-03-20T20:05:00.321204 #7040]  INFO -- : 0:  semantic-ui-sass (0.15.1.0) from /home/lxsameer/.rbenv/versions/2.1.0/lib/ruby/gems/2.1.0/specifications/semantic-ui-sass-0.15.1.0.gemspec
I, [2014-03-20T20:05:00.322053 #7040]  INFO -- : 0:  bundler (1.5.1) from /home/lxsameer/.rbenv/versions/2.1.0/lib/ruby/gems/2.1.0/specifications/bundler-1.5.1.gemspec
